\BOOKMARK [0][-]{section*.1}{List of Tables}{}% 1
\BOOKMARK [0][-]{section*.2}{List of Figures}{}% 2
\BOOKMARK [0][-]{chapter.1}{Introduction}{}% 3
\BOOKMARK [1][-]{section.1.1}{Introduction}{chapter.1}% 4
\BOOKMARK [0][-]{chapter.2}{Numerical analysis}{}% 5
\BOOKMARK [1][-]{section.2.1}{Conservation equations}{chapter.2}% 6
\BOOKMARK [1][-]{section.2.2}{Numerical methods}{chapter.2}% 7
\BOOKMARK [2][-]{subsection.2.2.1}{Finite difference method}{section.2.2}% 8
\BOOKMARK [2][-]{subsection.2.2.2}{Finite volume method}{section.2.2}% 9
\BOOKMARK [2][-]{subsection.2.2.3}{Time integration}{section.2.2}% 10
\BOOKMARK [1][-]{section.2.3}{Evaluation of the convective term}{chapter.2}% 11
\BOOKMARK [2][-]{subsection.2.3.1}{The central differencing scheme \(CDS\)}{section.2.3}% 12
\BOOKMARK [2][-]{subsection.2.3.2}{The upwind scheme \(UDS\)}{section.2.3}% 13
\BOOKMARK [2][-]{subsection.2.3.3}{The exponential scheme \(EDS\)}{section.2.3}% 14
\BOOKMARK [2][-]{subsection.2.3.4}{The hybrid scheme \(HDS\) and the power-law scheme \(PLDS\)}{section.2.3}% 15
\BOOKMARK [0][-]{chapter.3}{Conduction}{}% 16
\BOOKMARK [1][-]{section.3.1}{Four materials}{chapter.3}% 17
\BOOKMARK [1][-]{section.3.2}{Discretization}{chapter.3}% 18
\BOOKMARK [2][-]{subsection.3.2.1}{Spatial discretization}{section.3.2}% 19
\BOOKMARK [2][-]{subsection.3.2.2}{Time discretization}{section.3.2}% 20
\BOOKMARK [2][-]{subsection.3.2.3}{Boundary conditions}{section.3.2}% 21
\BOOKMARK [0][-]{chapter.4}{Convection}{}% 22
\BOOKMARK [1][-]{section.4.1}{Smith-Hutton problem}{chapter.4}% 23
\BOOKMARK [1][-]{section.4.2}{Discretization}{chapter.4}% 24
\BOOKMARK [1][-]{section.4.3}{Driven cavity problem}{chapter.4}% 25
\BOOKMARK [1][-]{section.4.4}{Fractional step method}{chapter.4}% 26
\BOOKMARK [1][-]{section.4.5}{Discretization}{chapter.4}% 27
\BOOKMARK [1][-]{section.4.6}{Boundary conditions}{chapter.4}% 28
\BOOKMARK [0][-]{chapter.5}{Turbulence}{}% 29
\BOOKMARK [1][-]{section.5.1}{Burgers equation}{chapter.5}% 30
\BOOKMARK [0][-]{chapter.6}{Radiation}{}% 31
\BOOKMARK [0][-]{chapter.7}{Bibliography}{}% 32
